{"numFailedTestSuites":1,"numFailedTests":1,"numPassedTestSuites":0,"numPassedTests":1,"numPendingTestSuites":0,"numPendingTests":0,"numRuntimeErrorTestSuites":0,"numTodoTests":0,"numTotalTestSuites":1,"numTotalTests":2,"openHandles":[],"snapshot":{"added":0,"didUpdate":false,"failure":false,"filesAdded":0,"filesRemoved":0,"filesRemovedList":[],"filesUnmatched":0,"filesUpdated":0,"matched":0,"total":0,"unchecked":0,"uncheckedKeysByFile":[],"unmatched":0,"updated":0},"startTime":1775494037130,"success":false,"testResults":[{"assertionResults":[{"ancestorTitles":["CreateUserUseCase"],"duration":19,"failing":false,"failureDetails":[{}],"failureMessages":["\u001b[1m\u001b[31mJest encountered an unexpected token\u001b[39m\u001b[22m\n\nJest failed to parse a file. This happens e.g. when your code or its dependencies use non-standard JavaScript syntax, or when Jest is not configured to support such syntax.\n\nOut of the box Jest supports Babel, which will be used to transform your files into valid JS based on your Babel configuration.\n\nBy default \"node_modules\" folder is ignored by transformers.\n\nHere's what you can do:\n • If you are trying to use ECMAScript Modules, see \u001b[4mhttps://jestjs.io/docs/ecmascript-modules\u001b[24m for how to enable it.\n • If you are trying to use TypeScript, see \u001b[4mhttps://jestjs.io/docs/getting-started#using-typescript\u001b[24m\n • To have some of your \"node_modules\" files transformed, you can specify a custom \u001b[1m\"transformIgnorePatterns\"\u001b[22m in your config.\n • If you need a custom transformation, specify a \u001b[1m\"transform\"\u001b[22m option in your config.\n • If you simply want to mock your non-JS modules (e.g. binary assets) you can stub them out with the \u001b[1m\"moduleNameMapper\"\u001b[22m config option.\n\nYou'll find more details and examples of these config options in the docs:\n\u001b[36mhttps://jestjs.io/docs/configuration\u001b[39m\nFor information about custom transformations, see:\n\u001b[36mhttps://jestjs.io/docs/code-transformation\u001b[39m\n\n\u001b[1m\u001b[31mDetails:\u001b[39m\u001b[22m\n\nC:\\Users\\Admin\\Desktop\\code_base\\nest_codebase\\node_modules\\uuid\\dist-node\\index.js:1\nexport { default as MAX } from './max.js';\n^^^^^^\n\nSyntaxError: Unexpected token 'export'\n    at internalCompileFunction (node:internal/vm:128:18)\n    at compileFunction (node:vm:365:10)\n    at Runtime.createScriptFromCode (C:\\Users\\Admin\\Desktop\\code_base\\nest_codebase\\node_modules\\jest-runtime\\build\\index.js:1314:40)\n    at Runtime._execModule (C:\\Users\\Admin\\Desktop\\code_base\\nest_codebase\\node_modules\\jest-runtime\\build\\index.js:1240:35)\n    at Runtime._loadModule (C:\\Users\\Admin\\Desktop\\code_base\\nest_codebase\\node_modules\\jest-runtime\\build\\index.js:940:12)\n    at Runtime.requireModule (C:\\Users\\Admin\\Desktop\\code_base\\nest_codebase\\node_modules\\jest-runtime\\build\\index.js:828:12)\n    at Runtime.requireModuleOrMock (C:\\Users\\Admin\\Desktop\\code_base\\nest_codebase\\node_modules\\jest-runtime\\build\\index.js:960:21)\n    at C:\\Users\\Admin\\Desktop\\code_base\\nest_codebase\\src\\modules\\user\\application\\use-cases\\create-user.use-case.ts:23:28\n    at CreateUserUseCase.execute (C:\\Users\\Admin\\Desktop\\code_base\\nest_codebase\\src\\modules\\user\\application\\use-cases\\create-user.use-case.ts:23:28)\n    at Object.<anonymous> (C:\\Users\\Admin\\Desktop\\code_base\\nest_codebase\\src\\modules\\user\\application\\use-cases\\create-user.use-case.spec.ts:56:20)"],"fullName":"CreateUserUseCase should create a user successfully and emit UserCreatedEvent","invocations":1,"location":null,"numPassingAsserts":0,"retryReasons":[],"startAt":1775494038223,"status":"failed","title":"should create a user successfully and emit UserCreatedEvent"},{"ancestorTitles":["CreateUserUseCase"],"duration":6,"failing":false,"failureDetails":[],"failureMessages":[],"fullName":"CreateUserUseCase should throw ConflictException if email already exists","invocations":1,"location":null,"numPassingAsserts":3,"retryReasons":[],"startAt":1775494038243,"status":"passed","title":"should throw ConflictException if email already exists"}],"endTime":1775494038259,"message":"\u001b[1m\u001b[31m  \u001b[1m● \u001b[22m\u001b[1mCreateUserUseCase › should create a user successfully and emit UserCreatedEvent\u001b[39m\u001b[22m\n\n    \u001b[1m\u001b[31mJest encountered an unexpected token\u001b[39m\u001b[22m\n\n    Jest failed to parse a file. This happens e.g. when your code or its dependencies use non-standard JavaScript syntax, or when Jest is not configured to support such syntax.\n\n    Out of the box Jest supports Babel, which will be used to transform your files into valid JS based on your Babel configuration.\n\n    By default \"node_modules\" folder is ignored by transformers.\n\n    Here's what you can do:\n     • If you are trying to use ECMAScript Modules, see \u001b[4mhttps://jestjs.io/docs/ecmascript-modules\u001b[24m for how to enable it.\n     • If you are trying to use TypeScript, see \u001b[4mhttps://jestjs.io/docs/getting-started#using-typescript\u001b[24m\n     • To have some of your \"node_modules\" files transformed, you can specify a custom \u001b[1m\"transformIgnorePatterns\"\u001b[22m in your config.\n     • If you need a custom transformation, specify a \u001b[1m\"transform\"\u001b[22m option in your config.\n     • If you simply want to mock your non-JS modules (e.g. binary assets) you can stub them out with the \u001b[1m\"moduleNameMapper\"\u001b[22m config option.\n\n    You'll find more details and examples of these config options in the docs:\n    \u001b[36mhttps://jestjs.io/docs/configuration\u001b[39m\n    For information about custom transformations, see:\n    \u001b[36mhttps://jestjs.io/docs/code-transformation\u001b[39m\n\n    \u001b[1m\u001b[31mDetails:\u001b[39m\u001b[22m\n\n    C:\\Users\\Admin\\Desktop\\code_base\\nest_codebase\\node_modules\\uuid\\dist-node\\index.js:1\n    export { default as MAX } from './max.js';\n    ^^^^^^\n\n    SyntaxError: Unexpected token 'export'\n\u001b[2m\u001b[22m\n\u001b[2m    \u001b[0m \u001b[90m 21 |\u001b[39m     }\u001b[22m\n\u001b[2m     \u001b[90m 22 |\u001b[39m\u001b[22m\n\u001b[2m    \u001b[31m\u001b[1m>\u001b[22m\u001b[2m\u001b[39m\u001b[90m 23 |\u001b[39m     \u001b[36mconst\u001b[39m { v4\u001b[33m:\u001b[39m uuidv4 } \u001b[33m=\u001b[39m \u001b[36mawait\u001b[39m \u001b[36mimport\u001b[39m(\u001b[32m'uuid'\u001b[39m)\u001b[33m;\u001b[39m\u001b[22m\n\u001b[2m     \u001b[90m    |\u001b[39m                            \u001b[31m\u001b[1m^\u001b[22m\u001b[2m\u001b[39m\u001b[22m\n\u001b[2m     \u001b[90m 24 |\u001b[39m     \u001b[36mconst\u001b[39m argon2 \u001b[33m=\u001b[39m \u001b[36mawait\u001b[39m \u001b[36mimport\u001b[39m(\u001b[32m'argon2'\u001b[39m)\u001b[33m;\u001b[39m\u001b[22m\n\u001b[2m     \u001b[90m 25 |\u001b[39m     \u001b[22m\n\u001b[2m     \u001b[90m 26 |\u001b[39m     \u001b[36mconst\u001b[39m passwordHash \u001b[33m=\u001b[39m \u001b[36mawait\u001b[39m argon2\u001b[33m.\u001b[39mhash(dto\u001b[33m.\u001b[39mpassword)\u001b[33m;\u001b[39m\u001b[0m\u001b[22m\n\u001b[2m\u001b[22m\n\u001b[2m      \u001b[2mat Runtime.createScriptFromCode (\u001b[22m\u001b[2m../node_modules/jest-runtime/build/index.js\u001b[2m:1314:40)\u001b[22m\u001b[2m\u001b[22m\n\u001b[2m      \u001b[2mat \u001b[22m\u001b[2mmodules/user/application/use-cases/create-user.use-case.ts\u001b[2m:23:28\u001b[22m\u001b[2m\u001b[22m\n\u001b[2m      \u001b[2mat CreateUserUseCase.execute (\u001b[22m\u001b[2mmodules/user/application/use-cases/create-user.use-case.ts\u001b[2m:23:28)\u001b[22m\u001b[2m\u001b[22m\n\u001b[2m      \u001b[2mat Object.<anonymous> (\u001b[22m\u001b[2m\u001b[0m\u001b[36mmodules/user/application/use-cases/create-user.use-case.spec.ts\u001b[39m\u001b[0m\u001b[2m:56:20)\u001b[22m\u001b[2m\u001b[22m\n","name":"C:\\Users\\Admin\\Desktop\\code_base\\nest_codebase\\src\\modules\\user\\application\\use-cases\\create-user.use-case.spec.ts","startTime":1775494037373,"status":"failed","summary":""}],"wasInterrupted":false}
